d:\document\mmu-5th-sem\data-structure\assignments\apple-product-management-system-cloned\apple-product-management-system\x64\release\apple-product-management-system.ipdb
d:\document\mmu-5th-sem\data-structure\assignments\apple-product-management-system-cloned\apple-product-management-system\x64\release\apple-product-management-system.iobj
<<<<<<< HEAD
d:\document\mmu-5th-sem\data-structure\assignments\apple-product-management-system-cloned\apple-product-management-system\apple-product-management-system\x64\release\vc142.pdb
d:\document\mmu-5th-sem\data-structure\assignments\apple-product-management-system-cloned\apple-product-management-system\apple-product-management-system\x64\release\dbconn.obj
d:\document\mmu-5th-sem\data-structure\assignments\apple-product-management-system-cloned\apple-product-management-system\apple-product-management-system\x64\release\main.obj
d:\document\mmu-5th-sem\data-structure\assignments\apple-product-management-system-cloned\apple-product-management-system\x64\release\apple-product-management-system.exe
d:\document\mmu-5th-sem\data-structure\assignments\apple-product-management-system-cloned\apple-product-management-system\x64\release\apple-product-management-system.pdb
d:\document\mmu-5th-sem\data-structure\assignments\apple-product-management-system-cloned\apple-product-management-system\apple-product-management-system\x64\release\apple-pr.7ca6ba2d.tlog\apple-product-management-system.write.1u.tlog
d:\document\mmu-5th-sem\data-structure\assignments\apple-product-management-system-cloned\apple-product-management-system\apple-product-management-system\x64\release\apple-pr.7ca6ba2d.tlog\cl.command.1.tlog
d:\document\mmu-5th-sem\data-structure\assignments\apple-product-management-system-cloned\apple-product-management-system\apple-product-management-system\x64\release\apple-pr.7ca6ba2d.tlog\cl.read.1.tlog
d:\document\mmu-5th-sem\data-structure\assignments\apple-product-management-system-cloned\apple-product-management-system\apple-product-management-system\x64\release\apple-pr.7ca6ba2d.tlog\cl.write.1.tlog
d:\document\mmu-5th-sem\data-structure\assignments\apple-product-management-system-cloned\apple-product-management-system\apple-product-management-system\x64\release\apple-pr.7ca6ba2d.tlog\link.command.1.tlog
d:\document\mmu-5th-sem\data-structure\assignments\apple-product-management-system-cloned\apple-product-management-system\apple-product-management-system\x64\release\apple-pr.7ca6ba2d.tlog\link.read.1.tlog
d:\document\mmu-5th-sem\data-structure\assignments\apple-product-management-system-cloned\apple-product-management-system\apple-product-management-system\x64\release\apple-pr.7ca6ba2d.tlog\link.write.1.tlog
=======
d:\mmu\sem 5\dcp\dcp assignment\apple-product-management-system\x64\release\apple-product-management-system.ipdb
d:\mmu\sem 5\dcp\dcp assignment\apple-product-management-system\x64\release\apple-product-management-system.iobj
d:\mmu\sem 5\dcp\dcp assignment\apple-product-management-system\apple-product-management-system\x64\release\vc142.pdb
d:\mmu\sem 5\dcp\dcp assignment\apple-product-management-system\apple-product-management-system\x64\release\dbconn.obj
d:\mmu\sem 5\dcp\dcp assignment\apple-product-management-system\apple-product-management-system\x64\release\main.obj
d:\mmu\sem 5\dcp\dcp assignment\apple-product-management-system\apple-product-management-system\x64\release\apple-product-management-system.ipdb
d:\mmu\sem 5\dcp\dcp assignment\apple-product-management-system\apple-product-management-system\x64\release\apple-product-management-system.iobj
d:\mmu\sem 5\dcp\dcp assignment\apple-product-management-system\x64\release\apple-product-management-system.pdb
d:\mmu\sem 5\dcp\dcp assignment\apple-product-management-system\apple-product-management-system\x64\release\apple-pr.7ca6ba2d.tlog\apple-product-management-system.write.1u.tlog
d:\mmu\sem 5\dcp\dcp assignment\apple-product-management-system\apple-product-management-system\x64\release\apple-pr.7ca6ba2d.tlog\cl.command.1.tlog
d:\mmu\sem 5\dcp\dcp assignment\apple-product-management-system\apple-product-management-system\x64\release\apple-pr.7ca6ba2d.tlog\cl.read.1.tlog
d:\mmu\sem 5\dcp\dcp assignment\apple-product-management-system\apple-product-management-system\x64\release\apple-pr.7ca6ba2d.tlog\cl.write.1.tlog
d:\mmu\sem 5\dcp\dcp assignment\apple-product-management-system\apple-product-management-system\x64\release\apple-pr.7ca6ba2d.tlog\link.command.1.tlog
d:\mmu\sem 5\dcp\dcp assignment\apple-product-management-system\apple-product-management-system\x64\release\apple-pr.7ca6ba2d.tlog\link.read.1.tlog
d:\mmu\sem 5\dcp\dcp assignment\apple-product-management-system\apple-product-management-system\x64\release\apple-pr.7ca6ba2d.tlog\link.read.21.tlog
d:\mmu\sem 5\dcp\dcp assignment\apple-product-management-system\apple-product-management-system\x64\release\apple-pr.7ca6ba2d.tlog\link.write.1.tlog
>>>>>>> 70939a8e5588ac5adc1d6fad45b55bcc36c3d25d
