  Main.cpp
C:\Users\USER\source\repos\Shaunmak1214\Apple-Product-Management-System\Apple-Product-Management-System\searchName.h(24,13): warning C4101: 'nameList': unreferenced local variable
C:\Users\USER\source\repos\Shaunmak1214\Apple-Product-Management-System\Apple-Product-Management-System\searchName.h(25,13): warning C4101: 'smallNameList': unreferenced local variable
C:\Users\USER\source\repos\Shaunmak1214\Apple-Product-Management-System\Apple-Product-Management-System\searchId.h(84,6): warning C4101: 'found': unreferenced local variable
C:\Users\USER\source\repos\Shaunmak1214\Apple-Product-Management-System\Apple-Product-Management-System\searchId.h(80,13): warning C4101: 'idList': unreferenced local variable
C:\Users\USER\source\repos\Shaunmak1214\Apple-Product-Management-System\Apple-Product-Management-System\Total-Product.h(36,28): warning C4244: '=': conversion from 'my_ulonglong' to 'int', possible loss of data
C:\Users\USER\source\repos\Shaunmak1214\Apple-Product-Management-System\Apple-Product-Management-System\Total-Product.h(20,13): warning C4101: 'columnNameRes': unreferenced local variable
C:\Users\USER\source\repos\Shaunmak1214\Apple-Product-Management-System\Apple-Product-Management-System\Total-Product.h(17,12): warning C4101: 'row': unreferenced local variable
C:\Users\USER\source\repos\Shaunmak1214\Apple-Product-Management-System\Apple-Product-Management-System\Sort-Insertion.h(60,28): warning C4244: '=': conversion from 'my_ulonglong' to 'int', possible loss of data
C:\Users\USER\source\repos\Shaunmak1214\Apple-Product-Management-System\Apple-Product-Management-System\Sort-Insertion.h(38,13): warning C4101: 'columnNameRes': unreferenced local variable
C:\Users\USER\source\repos\Shaunmak1214\Apple-Product-Management-System\Apple-Product-Management-System\Main.cpp(7,1): warning C4005: '_CRT_SECURE_NO_WARNINGS': macro redefinition
C:\Users\USER\source\repos\Shaunmak1214\Apple-Product-Management-System\Apple-Product-Management-System\Main.cpp : message : see previous definition of '_CRT_SECURE_NO_WARNINGS'
C:\Users\USER\source\repos\Shaunmak1214\Apple-Product-Management-System\Apple-Product-Management-System\Main.cpp(38,13): warning C4101: 'columnNameRes': unreferenced local variable
C:\Users\USER\source\repos\Shaunmak1214\Apple-Product-Management-System\Apple-Product-Management-System\Main.cpp(111,13): warning C4101: 'columnNameRes': unreferenced local variable
C:\Users\USER\source\repos\Shaunmak1214\Apple-Product-Management-System\Apple-Product-Management-System\Main.cpp(153,13): warning C4101: 'columnNameRes': unreferenced local variable
C:\Users\USER\source\repos\Shaunmak1214\Apple-Product-Management-System\Apple-Product-Management-System\Main.cpp(189,13): warning C4101: 'res': unreferenced local variable
C:\Users\USER\source\repos\Shaunmak1214\Apple-Product-Management-System\Apple-Product-Management-System\Main.cpp(188,12): warning C4101: 'row': unreferenced local variable
C:\Users\USER\source\repos\Shaunmak1214\Apple-Product-Management-System\Apple-Product-Management-System\Main.cpp(228,13): warning C4101: 'res': unreferenced local variable
C:\Users\USER\source\repos\Shaunmak1214\Apple-Product-Management-System\Apple-Product-Management-System\Main.cpp(227,12): warning C4101: 'row': unreferenced local variable
C:\Users\USER\source\repos\Shaunmak1214\Apple-Product-Management-System\Apple-Product-Management-System\Main.cpp(273,13): warning C4101: 'nameList': unreferenced local variable
C:\Users\USER\source\repos\Shaunmak1214\Apple-Product-Management-System\Apple-Product-Management-System\Main.cpp(272,13): warning C4101: 'idList': unreferenced local variable
C:\Users\USER\source\repos\Shaunmak1214\Apple-Product-Management-System\Apple-Product-Management-System\Main.cpp(271,13): warning C4101: 'list': unreferenced local variable
  Generating code
  3 of 160 functions ( 1.9%) were compiled, the rest were copied from previous compilation.
    0 functions were new in current compilation
    2 functions had inline decision re-evaluated but remain unchanged
  Finished generating code
  Apple-Product-Management-System.vcxproj -> C:\Users\USER\Source\Repos\Shaunmak1214\Apple-Product-Management-System\x64\Release\Apple-Product-Management-System.exe
